<?xml version="1.0" encoding="UTF-8"?>
<coverage generated="1644721373622" clover="3.2.0">
  <project timestamp="1644721373622" name="All files">
    <metrics statements="10" coveredstatements="10" conditionals="4" coveredconditionals="4" methods="5" coveredmethods="5" elements="19" coveredelements="19" complexity="0" loc="10" ncloc="10" packages="1" files="2" classes="2"/>
    <file name="calculadora.js" path="/Users/fabioaraujo/Desktop/test-jest/calculadora.js">
      <metrics statements="6" coveredstatements="6" conditionals="0" coveredconditionals="0" methods="4" coveredmethods="4"/>
      <line num="2" count="1" type="stmt"/>
      <line num="3" count="2" type="stmt"/>
      <line num="4" count="1" type="stmt"/>
      <line num="5" count="1" type="stmt"/>
      <line num="8" count="1" type="stmt"/>
      <line num="10" count="1" type="stmt"/>
    </file>
    <file name="soma.js" path="/Users/fabioaraujo/Desktop/test-jest/soma.js">
      <metrics statements="4" coveredstatements="4" conditionals="4" coveredconditionals="4" methods="1" coveredmethods="1"/>
      <line num="2" count="3" type="cond" truecount="4" falsecount="0"/>
      <line num="3" count="1" type="stmt"/>
      <line num="5" count="2" type="stmt"/>
      <line num="9" count="1" type="stmt"/>
    </file>
  </project>
</coverage>
