{"/Users/fabioaraujo/Desktop/test-jest/calculadora.js": {"path":"/Users/fabioaraujo/Desktop/test-jest/calculadora.js","statementMap":{"0":{"start":{"line":2,"column":17},"end":{"line":2,"column":29}},"1":{"start":{"line":3,"column":17},"end":{"line":3,"column":29}},"2":{"start":{"line":4,"column":16},"end":{"line":4,"column":28}},"3":{"start":{"line":5,"column":17},"end":{"line":5,"column":29}},"4":{"start":{"line":8,"column":20},"end":{"line":8,"column":35}},"5":{"start":{"line":10,"column":0},"end":{"line":10,"column":29}}},"fnMap":{"0":{"name":"(anonymous_0)","decl":{"start":{"line":2,"column":4},"end":{"line":2,"column":5}},"loc":{"start":{"line":2,"column":15},"end":{"line":2,"column":31}},"line":2},"1":{"name":"(anonymous_1)","decl":{"start":{"line":3,"column":4},"end":{"line":3,"column":5}},"loc":{"start":{"line":3,"column":15},"end":{"line":3,"column":31}},"line":3},"2":{"name":"(anonymous_2)","decl":{"start":{"line":4,"column":4},"end":{"line":4,"column":5}},"loc":{"start":{"line":4,"column":14},"end":{"line":4,"column":30}},"line":4},"3":{"name":"(anonymous_3)","decl":{"start":{"line":5,"column":4},"end":{"line":5,"column":5}},"loc":{"start":{"line":5,"column":15},"end":{"line":5,"column":31}},"line":5}},"branchMap":{},"s":{"0":1,"1":2,"2":1,"3":1,"4":1,"5":1},"f":{"0":1,"1":2,"2":1,"3":1},"b":{},"_coverageSchema":"1a1c01bbd47fc00a2c39e90264f33305004495a9","hash":"3eafd880453ce925d4ae7e813a9f0843f8569a39"}
,"/Users/fabioaraujo/Desktop/test-jest/soma.js": {"path":"/Users/fabioaraujo/Desktop/test-jest/soma.js","statementMap":{"0":{"start":{"line":5,"column":4},"end":{"line":5,"column":16}},"1":{"start":{"line":8,"column":0},"end":{"line":8,"column":22}}},"fnMap":{"0":{"name":"soma","decl":{"start":{"line":1,"column":9},"end":{"line":1,"column":13}},"loc":{"start":{"line":1,"column":20},"end":{"line":6,"column":1}},"line":1}},"branchMap":{},"s":{"0":2,"1":1},"f":{"0":2},"b":{},"_coverageSchema":"1a1c01bbd47fc00a2c39e90264f33305004495a9","hash":"e92d36db893272c0f1fa768cb1f1c989bc084175"}
}
